<?xml version="1.0" encoding="UTF-8"?>
<!-- Generated by org.testng.reporters.JUnitXMLReporter -->
<testsuite hostname="MUSTAFAs-MBP.fios-router.home" ignored="0" name="DenemeTest" tests="4" failures="0" timestamp="2020-01-22T19:04:40 EST" time="0.06" errors="0">
  <testcase name="log" time="0.011" classname="test.test1"/>
  <testcase name="ged" time="0.001" classname="test.test2"/>
  <testcase name="berke" time="0.002" classname="test.test3"/>
  <testcase name="car" time="0.001" classname="test.test3"/>
</testsuite> <!-- DenemeTest -->
