<?xml version="1.0" encoding="UTF-8"?>
<!-- Generated by org.testng.reporters.JUnitXMLReporter -->
<testsuite hostname="MUSTAFAs-MBP.fios-router.home" ignored="0" name="Test" tests="2" failures="0" timestamp="2020-01-22T13:26:00 EST" time="0.061" errors="0">
  <testcase name="@BeforeMethod setUp" time="0.012" classname="com.hrms.testbase.BaseClass">
    <failure type="java.lang.NullPointerException">
      <![CDATA[java.lang.NullPointerException
at com.hrms.utils.ConfigsReader.getProperty(ConfigsReader.java:25)
at com.hrms.testbase.BaseClass.setUp(BaseClass.java:20)
at java.util.ArrayList.forEach(ArrayList.java:1257)
... Removed 31 stack frames]]>
    </failure>
  </testcase> <!-- @BeforeMethod setUp -->
  <testcase name="@AfterMethod tearDown" time="-1.579717560668E9" classname="com.hrms.testbase.BaseClass">
    <skipped/>
  </testcase> <!-- @AfterMethod tearDown -->
  <testcase name="@BeforeMethod setUp" time="0.001" classname="com.hrms.testbase.BaseClass">
    <failure type="java.lang.NullPointerException">
      <![CDATA[java.lang.NullPointerException
at com.hrms.utils.ConfigsReader.getProperty(ConfigsReader.java:25)
at com.hrms.testbase.BaseClass.setUp(BaseClass.java:20)
at java.util.ArrayList.forEach(ArrayList.java:1257)
... Removed 31 stack frames]]>
    </failure>
  </testcase> <!-- @BeforeMethod setUp -->
  <testcase name="@AfterMethod tearDown" time="-1.579717560678E9" classname="com.hrms.testbase.BaseClass">
    <skipped/>
  </testcase> <!-- @AfterMethod tearDown -->
  <testcase name="leaveLabelvalidation" time="0.0" classname="com.hrms.testcases.LeaveListPageTest">
    <skipped/>
  </testcase> <!-- leaveLabelvalidation -->
  <testcase name="leaveLabelvalidation1" time="0.0" classname="com.hrms.testcases.LeaveListPageTest">
    <skipped/>
  </testcase> <!-- leaveLabelvalidation1 -->
</testsuite> <!-- Test -->
