<?xml version="1.0" encoding="UTF-8"?>
<!-- Generated by org.testng.reporters.JUnitXMLReporter -->
<testsuite hostname="MUSTAFAs-MBP.fios-router.home" ignored="1" name="Regression Test" tests="1" failures="1" timestamp="2020-01-19T23:29:53 EST" time="6.43" errors="0">
  <testcase name="leaveLabelvalidation" time="2.287" classname="com.hrms.testcases.LeaveListPageTest">
    <failure type="java.lang.NullPointerException">
      <![CDATA[java.lang.NullPointerException
at org.openqa.selenium.support.ui.ExpectedConditions.elementIfVisible(ExpectedConditions.java:314)
at org.openqa.selenium.support.ui.ExpectedConditions.access$000(ExpectedConditions.java:43)
at org.openqa.selenium.support.ui.ExpectedConditions$10.apply(ExpectedConditions.java:300)
at org.openqa.selenium.support.ui.ExpectedConditions$10.apply(ExpectedConditions.java:297)
at org.openqa.selenium.support.ui.ExpectedConditions$23.apply(ExpectedConditions.java:670)
at org.openqa.selenium.support.ui.ExpectedConditions$23.apply(ExpectedConditions.java:666)
at org.openqa.selenium.support.ui.FluentWait.until(FluentWait.java:249)
at com.hrms.utils.CommonMethods.waitForClickability(CommonMethods.java:176)
at com.hrms.utils.CommonMethods.click(CommonMethods.java:199)
at com.hrms.testcases.LeaveListPageTest.leaveLabelvalidation(LeaveListPageTest.java:23)
at java.util.ArrayList.forEach(ArrayList.java:1257)
... Removed 27 stack frames]]>
    </failure>
  </testcase> <!-- leaveLabelvalidation -->
  <testcase name="login" time="0.0" classname="com.hrms.testcases.LoginPageTest">
    <ignored/>
  </testcase> <!-- login -->
</testsuite> <!-- Regression Test -->
