<?xml version="1.0" encoding="UTF-8"?>
<testng-results skipped="0" failed="0" ignored="0" total="1" passed="1">
  <reporter-output>
  </reporter-output>
  <suite name="Default suite" duration-ms="58" started-at="2020-01-26T09:40:25 EST" finished-at="2020-01-26T09:40:25 EST">
    <groups>
    </groups>
    <test name="Default test" duration-ms="58" started-at="2020-01-26T09:40:25 EST" finished-at="2020-01-26T09:40:25 EST">
      <class name="test.test1">
        <test-method status="PASS" signature="log()[pri:0, instance:test.test1@61f8bee4]" name="log" duration-ms="14" started-at="2020-01-26T09:40:25 EST" finished-at="2020-01-26T09:40:25 EST">
          <reporter-output>
          </reporter-output>
        </test-method> <!-- log -->
      </class> <!-- test.test1 -->
    </test> <!-- Default test -->
  </suite> <!-- Default suite -->
</testng-results>
